<?xml version="1.0" encoding="UTF-8"?>
<testsuite name="ehb.multec.werksuk.CakeMakerTest" tests="1" skipped="0" failures="0" errors="0" timestamp="2021-05-22T13:50:00" hostname="Somrads-MacBook-Pro.local" time="0.094">
  <properties/>
  <testcase name="main()" classname="ehb.multec.werksuk.CakeMakerTest" time="0.094"/>
  <system-out><![CDATA[Cupcake recipe
Preheat oven 170 degrees°
Mix the ingredients (milk, flour, baking soda, eggs and sugar) till its batter
Pour the batter in small cake pans
Bake in the oven for 30 minutes
Sponge cake recipe
Preheat oven 170 degrees°
Mix the ingredients (milk, flour, baking soda, eggs and sugar) till its batter
Pour the batter in a big cake pan
Bake in the oven for 30 minutes
Added Whipped cream
Added frosting
Added Chocolate powder
52.0
Added frosting
Added Chocolate powder
Added Whipped cream
Chocolate cake:
Ingredients:Sponge cake, Whipped Cream, Chocolate Price:52.0 Euro
Chocolate cupcake:
Ingredients:Cupcake, Chocolate Price:8.0 Euro
Whipped cream cake:
Ingredients:Sponge cake, Whipped Cream Price:47.0 Euro
]]></system-out>
  <system-err><![CDATA[]]></system-err>
</testsuite>
