<?xml version="1.0" encoding="UTF-8"?>
<testsuite name="ehb.multec.werksuk.PlainCakeTest" tests="1" skipped="0" failures="0" errors="0" timestamp="2021-05-22T14:35:12" hostname="Manishs-MacBook-Pro.local" time="0.058">
  <properties/>
  <testcase name="getDescription()" classname="ehb.multec.werksuk.PlainCakeTest" time="0.058"/>
  <system-out><![CDATA[]]></system-out>
  <system-err><![CDATA[]]></system-err>
</testsuite>
